-------------------------------------------------------------------------------
Test set: utills.LogHandlerTest
-------------------------------------------------------------------------------
Tests run: 4, Failures: 0, Errors: 2, Skipped: 0, Time elapsed: 0.137 s <<< FAILURE! - in utills.LogHandlerTest
utills.LogHandlerTest.testLogWritesToFile  Time elapsed: 0.006 s  <<< ERROR!
java.util.concurrent.RejectedExecutionException: Task java.util.concurrent.FutureTask@e7edb54[Not completed, task = java.util.concurrent.Executors$RunnableAdapter@2e55dd0c[Wrapped task = utills.LogHandler$$Lambda/0x000001ef810d3a00@74455848]] rejected from java.util.concurrent.ThreadPoolExecutor@19d481b[Terminated, pool size = 0, active threads = 0, queued tasks = 0, completed tasks = 2]
	at java.base/java.util.concurrent.ThreadPoolExecutor$AbortPolicy.rejectedExecution(ThreadPoolExecutor.java:2027)
	at java.base/java.util.concurrent.ThreadPoolExecutor.reject(ThreadPoolExecutor.java:792)
	at java.base/java.util.concurrent.ThreadPoolExecutor.execute(ThreadPoolExecutor.java:1328)
	at java.base/java.util.concurrent.AbstractExecutorService.submit(AbstractExecutorService.java:124)
	at java.base/java.util.concurrent.Executors$DelegatedExecutorService.submit(Executors.java:700)
	at utills.LogHandler.log(LogHandler.java:29)
	at utills.LogHandlerTest.testLogWritesToFile(LogHandlerTest.java:28)
	at java.base/java.lang.reflect.Method.invoke(Method.java:565)
	at java.base/java.util.ArrayList.forEach(ArrayList.java:1604)
	at java.base/java.util.ArrayList.forEach(ArrayList.java:1604)

utills.LogHandlerTest  Time elapsed: 0.137 s  <<< ERROR!
java.util.concurrent.RejectedExecutionException: Task java.util.concurrent.FutureTask@a2431d0[Not completed, task = java.util.concurrent.Executors$RunnableAdapter@34f5090e[Wrapped task = utills.LogHandler$$Lambda/0x000001ef810d3a00@31e5415e]] rejected from java.util.concurrent.ThreadPoolExecutor@19d481b[Terminated, pool size = 0, active threads = 0, queued tasks = 0, completed tasks = 2]
	at java.base/java.util.concurrent.ThreadPoolExecutor$AbortPolicy.rejectedExecution(ThreadPoolExecutor.java:2027)
	at java.base/java.util.concurrent.ThreadPoolExecutor.reject(ThreadPoolExecutor.java:792)
	at java.base/java.util.concurrent.ThreadPoolExecutor.execute(ThreadPoolExecutor.java:1328)
	at java.base/java.util.concurrent.AbstractExecutorService.submit(AbstractExecutorService.java:124)
	at java.base/java.util.concurrent.Executors$DelegatedExecutorService.submit(Executors.java:700)
	at utills.LogHandler.log(LogHandler.java:29)
	at utills.LogHandler.shutdown(LogHandler.java:46)
	at utills.LogHandlerTest.shutdownLogger(LogHandlerTest.java:23)
	at java.base/java.lang.reflect.Method.invoke(Method.java:565)
	at java.base/java.util.ArrayList.forEach(ArrayList.java:1604)
	at java.base/java.util.Collections$UnmodifiableCollection.forEach(Collections.java:1117)
	at java.base/java.util.ArrayList.forEach(ArrayList.java:1604)

